<?xml version="1.0" encoding="UTF-8"?>
<!-- Generated by org.testng.reporters.JUnitReportReporter -->
<testsuite hostname="LAPTOP-139EAR6L" failures="0" tests="1" name="Practice.parameter" time="0.010" errors="0" timestamp="2023-04-04T11:53:01 IST" skipped="0">
  <testcase classname="Practice.parameter" name="test" time="0.010"/>
  <system-out/>
</testsuite> <!-- Practice.parameter -->
