<?xml version="1.0" encoding="UTF-8"?>
<!-- Generated by org.testng.reporters.JUnitReportReporter -->
<testsuite hostname="LAPTOP-139EAR6L" failures="0" tests="3" name="Practice.Test1Test" time="0.001" errors="0" timestamp="2023-04-06T13:37:22 IST" skipped="0">
  <testcase classname="Practice.Test1Test" name="Method2" time="0.000"/>
  <system-out/>
  <testcase classname="Practice.Test1Test" name="Method1" time="0.000"/>
  <system-out/>
  <testcase classname="Practice.Test1Test" name="Method3" time="0.001"/>
  <system-out/>
</testsuite> <!-- Practice.Test1Test -->
