<?xml version="1.0" encoding="UTF-8"?>
<!-- Generated by org.testng.reporters.JUnitReportReporter -->
<testsuite hostname="LAPTOP-139EAR6L" failures="0" tests="2" name="Practice.TestTest" time="0.000" errors="0" timestamp="2023-04-06T13:37:22 IST" skipped="0">
  <testcase classname="Practice.TestTest" name="Method5" time="0.000"/>
  <system-out/>
  <testcase classname="Practice.TestTest" name="Method6" time="0.000"/>
  <system-out/>
</testsuite> <!-- Practice.TestTest -->
